<?xml version="1.0" encoding="UTF-8"?>
<!-- Generated by org.testng.reporters.JUnitReportReporter -->
<testsuite hostname="LCAKINTW0714" name="LolaAutomation.XeroDemoCompanyTest.Tests.DashboardPageTest" tests="1" failures="0" timestamp="1 Jun 2016 03:51:35 GMT" time="12.785" errors="0">
  <testcase name="ValidDashboardDemoCompany" time="12.785" classname="LolaAutomation.XeroDemoCompanyTest.Tests.DashboardPageTest"/>
</testsuite> <!-- LolaAutomation.XeroDemoCompanyTest.Tests.DashboardPageTest -->
