<?xml version="1.0" encoding="UTF-8"?>
<!-- Generated by org.testng.reporters.JUnitReportReporter -->
<testsuite hostname="LCAKINTW0714" name="LolaAutomation.XeroDemoCompanyTest.Android.Tests.AndroidCodeCreationPageTest" tests="1" failures="0" timestamp="2 Jun 2016 00:57:37 GMT" time="88.912" errors="0">
  <testcase name="ValidDashboardDemoCompany" time="88.912" classname="LolaAutomation.XeroDemoCompanyTest.Android.Tests.AndroidCodeCreationPageTest"/>
</testsuite> <!-- LolaAutomation.XeroDemoCompanyTest.Android.Tests.AndroidCodeCreationPageTest -->
