<?xml version="1.0" encoding="UTF-8"?>
<!-- Generated by org.testng.reporters.JUnitReportReporter -->
<testsuite hostname="LCAKINTW0714" name="LolaAutomation.XeroDemoCompanyTest.Tests.LoginPageTest" tests="1" failures="0" timestamp="1 Jun 2016 03:37:48 GMT" time="5.097" errors="0">
  <testcase name="LoginValidUserData" time="5.097" classname="LolaAutomation.XeroDemoCompanyTest.Tests.LoginPageTest"/>
</testsuite> <!-- LolaAutomation.XeroDemoCompanyTest.Tests.LoginPageTest -->
