<?xml version="1.0" encoding="UTF-8"?>
<!-- Generated by org.testng.reporters.JUnitReportReporter -->
<testsuite hostname="LCAKINTW0714" name="LolaAutomation.XeroDemoCompanyTest.Android.Tests.AndroidHomePageTest" tests="1" failures="0" timestamp="1 Jun 2016 23:11:13 GMT" time="23.922" errors="0">
  <testcase name="ValidDashboardDemoCompany" time="23.922" classname="LolaAutomation.XeroDemoCompanyTest.Android.Tests.AndroidHomePageTest"/>
</testsuite> <!-- LolaAutomation.XeroDemoCompanyTest.Android.Tests.AndroidHomePageTest -->
